[2021-09-20 01:03:30,900] {taskinstance.py:903} INFO - Dependencies all met for <TaskInstance: example_bash_operator.runme_2 2021-09-20T00:30:23.712279+00:00 [None]>
[2021-09-20 01:03:30,918] {taskinstance.py:903} INFO - Dependencies all met for <TaskInstance: example_bash_operator.runme_2 2021-09-20T00:30:23.712279+00:00 [None]>
[2021-09-20 01:03:30,918] {taskinstance.py:1095} INFO - 
--------------------------------------------------------------------------------
[2021-09-20 01:03:30,918] {taskinstance.py:1096} INFO - Starting attempt 1 of 1
[2021-09-20 01:03:30,918] {taskinstance.py:1097} INFO - 
--------------------------------------------------------------------------------
[2021-09-20 01:03:30,929] {taskinstance.py:1115} INFO - Executing <Task(BashOperator): runme_2> on 2021-09-20T00:30:23.712279+00:00
[2021-09-20 01:03:30,932] {standard_task_runner.py:52} INFO - Started process 147 to run task
[2021-09-20 01:03:30,936] {standard_task_runner.py:76} INFO - Running: ['***', 'tasks', 'run', 'example_bash_operator', 'runme_2', '2021-09-20T00:30:23.712279+00:00', '--job-id', '3', '--pool', 'default_pool', '--raw', '--subdir', '/home/***/.local/lib/python3.6/site-packages/***/example_dags/example_bash_operator.py', '--cfg-path', '/tmp/tmph3h037pk', '--error-file', '/tmp/tmpf22yx9lc']
[2021-09-20 01:03:30,937] {standard_task_runner.py:77} INFO - Job 3: Subtask runme_2
[2021-09-20 01:03:30,975] {logging_mixin.py:109} INFO - Running <TaskInstance: example_bash_operator.runme_2 2021-09-20T00:30:23.712279+00:00 [running]> on host 21c1d27d177c
[2021-09-20 01:03:31,020] {taskinstance.py:1254} INFO - Exporting the following env vars:
AIRFLOW_CTX_DAG_OWNER=***
AIRFLOW_CTX_DAG_ID=example_bash_operator
AIRFLOW_CTX_TASK_ID=runme_2
AIRFLOW_CTX_EXECUTION_DATE=2021-09-20T00:30:23.712279+00:00
AIRFLOW_CTX_DAG_RUN_ID=manual__2021-09-20T00:30:23.712279+00:00
[2021-09-20 01:03:31,021] {subprocess.py:52} INFO - Tmp dir root location: 
 /tmp
[2021-09-20 01:03:31,021] {subprocess.py:63} INFO - Running command: ['bash', '-c', 'echo "example_bash_operator__runme_2__20210920" && sleep 1']
[2021-09-20 01:03:31,028] {subprocess.py:74} INFO - Output:
[2021-09-20 01:03:31,029] {subprocess.py:78} INFO - example_bash_operator__runme_2__20210920
[2021-09-20 01:03:32,030] {subprocess.py:82} INFO - Command exited with return code 0
[2021-09-20 01:03:32,054] {taskinstance.py:1219} INFO - Marking task as SUCCESS. dag_id=example_bash_operator, task_id=runme_2, execution_date=20210920T003023, start_date=20210920T010330, end_date=20210920T010332
[2021-09-20 01:03:32,078] {local_task_job.py:151} INFO - Task exited with return code 0
[2021-09-20 01:03:32,102] {local_task_job.py:261} INFO - 0 downstream tasks scheduled from follow-on schedule check
